
*** Running vivado
    with args -log design_1_wrapper.vds -m64 -product Vivado -mode batch -messageDb vivado.pb -notrace -source design_1_wrapper.tcl



****** Vivado v2022.2 (64-bit)
  **** SW Build 3671981 on Fri Oct 14 05:00:03 MDT 2022
  **** IP Build 3669848 on Fri Oct 14 08:30:02 MDT 2022
    ** Copyright 1986-2022 Xilinx, Inc. All Rights Reserved.

source design_1_wrapper.tcl -notrace
INFO: [IP_Flow 19-234] Refreshing IP repositories
INFO: [IP_Flow 19-1704] No user IP repositories specified
INFO: [IP_Flow 19-2313] Loaded Vivado IP repository 'C:/Xilinx/Vivado/2022.2/data/ip'.
Command: read_checkpoint -auto_incremental -incremental {C:/Users/UTEC-5695/Desktop/Archivos Raul/casi_ultimo/casi_ultimo.srcs/utils_1/imports/synth_1/diag_1_wrapper.dcp}
INFO: [Vivado 12-5825] Read reference checkpoint from C:/Users/UTEC-5695/Desktop/Archivos Raul/casi_ultimo/casi_ultimo.srcs/utils_1/imports/synth_1/diag_1_wrapper.dcp for incremental synthesis
INFO: [Vivado 12-7989] Please ensure there are no constraint changes
Command: synth_design -top design_1_wrapper -part xc7s15ftgb196-1
Starting synth_design
Attempting to get a license for feature 'Synthesis' and/or device 'xc7s15'
INFO: [Common 17-349] Got license for feature 'Synthesis' and/or device 'xc7s15'
INFO: [Device 21-403] Loading part xc7s15ftgb196-1
INFO: [Designutils 20-5440] No compile time benefit to using incremental synthesis; A full resynthesis will be run
INFO: [Designutils 20-4379] Flow is switching to default flow due to incremental criteria not met. If you would like to alter this behaviour and have the flow terminate instead, please set the following parameter config_implementation {autoIncr.Synth.RejectBehavior Terminate}
INFO: [Synth 8-7079] Multithreading enabled for synth_design using a maximum of 2 processes.
INFO: [Synth 8-7078] Launching helper process for spawning children vivado processes
INFO: [Synth 8-7075] Helper process launched with PID 3208
INFO: [Synth 8-11241] undeclared symbol 'REGCCE', assumed default net type 'wire' [C:/Xilinx/Vivado/2022.2/data/verilog/src/unimacro/BRAM_SINGLE_MACRO.v:2170]
---------------------------------------------------------------------------------
Starting RTL Elaboration : Time (s): cpu = 00:00:08 ; elapsed = 00:00:08 . Memory (MB): peak = 1181.648 ; gain = 409.027
---------------------------------------------------------------------------------
INFO: [Synth 8-638] synthesizing module 'design_1_wrapper' [c:/Users/UTEC-5695/Desktop/Archivos Raul/casi_ultimo/casi_ultimo.gen/sources_1/bd/design_1/hdl/design_1_wrapper.vhd:26]
INFO: [Synth 8-3491] module 'design_1' declared at 'c:/Users/UTEC-5695/Desktop/Archivos Raul/casi_ultimo/casi_ultimo.gen/sources_1/bd/design_1/synth/design_1.vhd:14' bound to instance 'design_1_i' of component 'design_1' [c:/Users/UTEC-5695/Desktop/Archivos Raul/casi_ultimo/casi_ultimo.gen/sources_1/bd/design_1/hdl/design_1_wrapper.vhd:39]
INFO: [Synth 8-638] synthesizing module 'design_1' [c:/Users/UTEC-5695/Desktop/Archivos Raul/casi_ultimo/casi_ultimo.gen/sources_1/bd/design_1/synth/design_1.vhd:30]
INFO: [Synth 8-3491] module 'design_1_PWM_0_0' declared at 'C:/Users/UTEC-5695/Desktop/Archivos Raul/casi_ultimo/casi_ultimo.runs/synth_1/.Xil/Vivado-4348-UTEC-5038/realtime/design_1_PWM_0_0_stub.vhdl:5' bound to instance 'PWM_0' of component 'design_1_PWM_0_0' [c:/Users/UTEC-5695/Desktop/Archivos Raul/casi_ultimo/casi_ultimo.gen/sources_1/bd/design_1/synth/design_1.vhd:120]
INFO: [Synth 8-638] synthesizing module 'design_1_PWM_0_0' [C:/Users/UTEC-5695/Desktop/Archivos Raul/casi_ultimo/casi_ultimo.runs/synth_1/.Xil/Vivado-4348-UTEC-5038/realtime/design_1_PWM_0_0_stub.vhdl:14]
INFO: [Synth 8-3491] module 'design_1_ROM_0_0' declared at 'C:/Users/UTEC-5695/Desktop/Archivos Raul/casi_ultimo/casi_ultimo.runs/synth_1/.Xil/Vivado-4348-UTEC-5038/realtime/design_1_ROM_0_0_stub.vhdl:5' bound to instance 'ROM_0' of component 'design_1_ROM_0_0' [c:/Users/UTEC-5695/Desktop/Archivos Raul/casi_ultimo/casi_ultimo.gen/sources_1/bd/design_1/synth/design_1.vhd:126]
INFO: [Synth 8-638] synthesizing module 'design_1_ROM_0_0' [C:/Users/UTEC-5695/Desktop/Archivos Raul/casi_ultimo/casi_ultimo.runs/synth_1/.Xil/Vivado-4348-UTEC-5038/realtime/design_1_ROM_0_0_stub.vhdl:19]
INFO: [Synth 8-3491] module 'design_1_controlador_0_0' declared at 'C:/Users/UTEC-5695/Desktop/Archivos Raul/casi_ultimo/casi_ultimo.runs/synth_1/.Xil/Vivado-4348-UTEC-5038/realtime/design_1_controlador_0_0_stub.vhdl:5' bound to instance 'controlador_0' of component 'design_1_controlador_0_0' [c:/Users/UTEC-5695/Desktop/Archivos Raul/casi_ultimo/casi_ultimo.gen/sources_1/bd/design_1/synth/design_1.vhd:137]
INFO: [Synth 8-638] synthesizing module 'design_1_controlador_0_0' [C:/Users/UTEC-5695/Desktop/Archivos Raul/casi_ultimo/casi_ultimo.runs/synth_1/.Xil/Vivado-4348-UTEC-5038/realtime/design_1_controlador_0_0_stub.vhdl:16]
INFO: [Synth 8-3491] module 'design_1_debouncer_0_0' declared at 'C:/Users/UTEC-5695/Desktop/Archivos Raul/casi_ultimo/casi_ultimo.runs/synth_1/.Xil/Vivado-4348-UTEC-5038/realtime/design_1_debouncer_0_0_stub.vhdl:5' bound to instance 'debouncer_0' of component 'design_1_debouncer_0_0' [c:/Users/UTEC-5695/Desktop/Archivos Raul/casi_ultimo/casi_ultimo.gen/sources_1/bd/design_1/synth/design_1.vhd:145]
INFO: [Synth 8-638] synthesizing module 'design_1_debouncer_0_0' [C:/Users/UTEC-5695/Desktop/Archivos Raul/casi_ultimo/casi_ultimo.runs/synth_1/.Xil/Vivado-4348-UTEC-5038/realtime/design_1_debouncer_0_0_stub.vhdl:14]
INFO: [Synth 8-3491] module 'design_1_debouncer_1_0' declared at 'C:/Users/UTEC-5695/Desktop/Archivos Raul/casi_ultimo/casi_ultimo.runs/synth_1/.Xil/Vivado-4348-UTEC-5038/realtime/design_1_debouncer_1_0_stub.vhdl:5' bound to instance 'debouncer_1' of component 'design_1_debouncer_1_0' [c:/Users/UTEC-5695/Desktop/Archivos Raul/casi_ultimo/casi_ultimo.gen/sources_1/bd/design_1/synth/design_1.vhd:151]
INFO: [Synth 8-638] synthesizing module 'design_1_debouncer_1_0' [C:/Users/UTEC-5695/Desktop/Archivos Raul/casi_ultimo/casi_ultimo.runs/synth_1/.Xil/Vivado-4348-UTEC-5038/realtime/design_1_debouncer_1_0_stub.vhdl:14]
INFO: [Synth 8-3491] module 'design_1_decodificador_0_0' declared at 'C:/Users/UTEC-5695/Desktop/Archivos Raul/casi_ultimo/casi_ultimo.runs/synth_1/.Xil/Vivado-4348-UTEC-5038/realtime/design_1_decodificador_0_0_stub.vhdl:5' bound to instance 'decodificador_0' of component 'design_1_decodificador_0_0' [c:/Users/UTEC-5695/Desktop/Archivos Raul/casi_ultimo/casi_ultimo.gen/sources_1/bd/design_1/synth/design_1.vhd:157]
INFO: [Synth 8-638] synthesizing module 'design_1_decodificador_0_0' [C:/Users/UTEC-5695/Desktop/Archivos Raul/casi_ultimo/casi_ultimo.runs/synth_1/.Xil/Vivado-4348-UTEC-5038/realtime/design_1_decodificador_0_0_stub.vhdl:14]
INFO: [Synth 8-3491] module 'design_1_div_0_0' declared at 'C:/Users/UTEC-5695/Desktop/Archivos Raul/casi_ultimo/casi_ultimo.runs/synth_1/.Xil/Vivado-4348-UTEC-5038/realtime/design_1_div_0_0_stub.vhdl:5' bound to instance 'div_0' of component 'design_1_div_0_0' [c:/Users/UTEC-5695/Desktop/Archivos Raul/casi_ultimo/casi_ultimo.gen/sources_1/bd/design_1/synth/design_1.vhd:163]
INFO: [Synth 8-638] synthesizing module 'design_1_div_0_0' [C:/Users/UTEC-5695/Desktop/Archivos Raul/casi_ultimo/casi_ultimo.runs/synth_1/.Xil/Vivado-4348-UTEC-5038/realtime/design_1_div_0_0_stub.vhdl:13]
INFO: [Synth 8-3491] module 'design_1_div_4_0_0' declared at 'C:/Users/UTEC-5695/Desktop/Archivos Raul/casi_ultimo/casi_ultimo.runs/synth_1/.Xil/Vivado-4348-UTEC-5038/realtime/design_1_div_4_0_0_stub.vhdl:5' bound to instance 'div_4_0' of component 'design_1_div_4_0_0' [c:/Users/UTEC-5695/Desktop/Archivos Raul/casi_ultimo/casi_ultimo.gen/sources_1/bd/design_1/synth/design_1.vhd:168]
INFO: [Synth 8-638] synthesizing module 'design_1_div_4_0_0' [C:/Users/UTEC-5695/Desktop/Archivos Raul/casi_ultimo/casi_ultimo.runs/synth_1/.Xil/Vivado-4348-UTEC-5038/realtime/design_1_div_4_0_0_stub.vhdl:13]
INFO: [Synth 8-256] done synthesizing module 'design_1' (0#1) [c:/Users/UTEC-5695/Desktop/Archivos Raul/casi_ultimo/casi_ultimo.gen/sources_1/bd/design_1/synth/design_1.vhd:30]
INFO: [Synth 8-256] done synthesizing module 'design_1_wrapper' (0#1) [c:/Users/UTEC-5695/Desktop/Archivos Raul/casi_ultimo/casi_ultimo.gen/sources_1/bd/design_1/hdl/design_1_wrapper.vhd:26]
---------------------------------------------------------------------------------
Finished RTL Elaboration : Time (s): cpu = 00:00:10 ; elapsed = 00:00:11 . Memory (MB): peak = 1271.426 ; gain = 498.805
---------------------------------------------------------------------------------
---------------------------------------------------------------------------------
Start Handling Custom Attributes
---------------------------------------------------------------------------------
---------------------------------------------------------------------------------
Finished Handling Custom Attributes : Time (s): cpu = 00:00:10 ; elapsed = 00:00:11 . Memory (MB): peak = 1271.426 ; gain = 498.805
---------------------------------------------------------------------------------
---------------------------------------------------------------------------------
Finished RTL Optimization Phase 1 : Time (s): cpu = 00:00:10 ; elapsed = 00:00:11 . Memory (MB): peak = 1271.426 ; gain = 498.805
---------------------------------------------------------------------------------
Netlist sorting complete. Time (s): cpu = 00:00:00 ; elapsed = 00:00:00.001 . Memory (MB): peak = 1271.426 ; gain = 0.000
INFO: [Project 1-570] Preparing netlist for logic optimization

Processing XDC Constraints
Initializing timing engine
Parsing XDC File [c:/Users/UTEC-5695/Desktop/Archivos Raul/casi_ultimo/casi_ultimo.gen/sources_1/bd/design_1/ip/design_1_PWM_0_0/design_1_PWM_0_0/design_fial_PWM_0_0_in_context.xdc] for cell 'design_1_i/PWM_0'
Finished Parsing XDC File [c:/Users/UTEC-5695/Desktop/Archivos Raul/casi_ultimo/casi_ultimo.gen/sources_1/bd/design_1/ip/design_1_PWM_0_0/design_1_PWM_0_0/design_fial_PWM_0_0_in_context.xdc] for cell 'design_1_i/PWM_0'
Parsing XDC File [c:/Users/UTEC-5695/Desktop/Archivos Raul/casi_ultimo/casi_ultimo.gen/sources_1/bd/design_1/ip/design_1_controlador_0_0/design_1_controlador_0_0/design_fial_controlador_0_0_in_context.xdc] for cell 'design_1_i/controlador_0'
Finished Parsing XDC File [c:/Users/UTEC-5695/Desktop/Archivos Raul/casi_ultimo/casi_ultimo.gen/sources_1/bd/design_1/ip/design_1_controlador_0_0/design_1_controlador_0_0/design_fial_controlador_0_0_in_context.xdc] for cell 'design_1_i/controlador_0'
Parsing XDC File [c:/Users/UTEC-5695/Desktop/Archivos Raul/casi_ultimo/casi_ultimo.gen/sources_1/bd/design_1/ip/design_1_decodificador_0_0/design_1_decodificador_0_0/design_fial_decodificador_0_0_in_context.xdc] for cell 'design_1_i/decodificador_0'
Finished Parsing XDC File [c:/Users/UTEC-5695/Desktop/Archivos Raul/casi_ultimo/casi_ultimo.gen/sources_1/bd/design_1/ip/design_1_decodificador_0_0/design_1_decodificador_0_0/design_fial_decodificador_0_0_in_context.xdc] for cell 'design_1_i/decodificador_0'
Parsing XDC File [c:/Users/UTEC-5695/Desktop/Archivos Raul/casi_ultimo/casi_ultimo.gen/sources_1/bd/design_1/ip/design_1_div_0_0/design_1_div_0_0/design_fial_div_0_0_in_context.xdc] for cell 'design_1_i/div_0'
Finished Parsing XDC File [c:/Users/UTEC-5695/Desktop/Archivos Raul/casi_ultimo/casi_ultimo.gen/sources_1/bd/design_1/ip/design_1_div_0_0/design_1_div_0_0/design_fial_div_0_0_in_context.xdc] for cell 'design_1_i/div_0'
Parsing XDC File [c:/Users/UTEC-5695/Desktop/Archivos Raul/casi_ultimo/casi_ultimo.gen/sources_1/bd/design_1/ip/design_1_div_4_0_0/design_1_div_4_0_0/design_fial_div_4_0_0_in_context.xdc] for cell 'design_1_i/div_4_0'
Finished Parsing XDC File [c:/Users/UTEC-5695/Desktop/Archivos Raul/casi_ultimo/casi_ultimo.gen/sources_1/bd/design_1/ip/design_1_div_4_0_0/design_1_div_4_0_0/design_fial_div_4_0_0_in_context.xdc] for cell 'design_1_i/div_4_0'
Parsing XDC File [c:/Users/UTEC-5695/Desktop/Archivos Raul/casi_ultimo/casi_ultimo.gen/sources_1/bd/design_1/ip/design_1_debouncer_0_0/design_1_debouncer_0_0/design_1_debouncer_0_0_in_context.xdc] for cell 'design_1_i/debouncer_0'
Finished Parsing XDC File [c:/Users/UTEC-5695/Desktop/Archivos Raul/casi_ultimo/casi_ultimo.gen/sources_1/bd/design_1/ip/design_1_debouncer_0_0/design_1_debouncer_0_0/design_1_debouncer_0_0_in_context.xdc] for cell 'design_1_i/debouncer_0'
Parsing XDC File [c:/Users/UTEC-5695/Desktop/Archivos Raul/casi_ultimo/casi_ultimo.gen/sources_1/bd/design_1/ip/design_1_debouncer_1_0/design_1_debouncer_1_0/design_1_debouncer_1_0_in_context.xdc] for cell 'design_1_i/debouncer_1'
Finished Parsing XDC File [c:/Users/UTEC-5695/Desktop/Archivos Raul/casi_ultimo/casi_ultimo.gen/sources_1/bd/design_1/ip/design_1_debouncer_1_0/design_1_debouncer_1_0/design_1_debouncer_1_0_in_context.xdc] for cell 'design_1_i/debouncer_1'
Parsing XDC File [c:/Users/UTEC-5695/Desktop/Archivos Raul/casi_ultimo/casi_ultimo.gen/sources_1/bd/design_1/ip/design_1_ROM_0_0/design_1_ROM_0_0/design_1_ROM_0_0_in_context.xdc] for cell 'design_1_i/ROM_0'
Finished Parsing XDC File [c:/Users/UTEC-5695/Desktop/Archivos Raul/casi_ultimo/casi_ultimo.gen/sources_1/bd/design_1/ip/design_1_ROM_0_0/design_1_ROM_0_0/design_1_ROM_0_0_in_context.xdc] for cell 'design_1_i/ROM_0'
Parsing XDC File [C:/Users/UTEC-5695/Desktop/Archivos Raul/casi_ultimo/casi_ultimo.srcs/constrs_1/new/default.xdc]
WARNING: [Vivado 12-584] No ports matched 'senal_boton_0'. [C:/Users/UTEC-5695/Desktop/Archivos Raul/casi_ultimo/casi_ultimo.srcs/constrs_1/new/default.xdc:12]
WARNING: [Vivado 12-584] No ports matched 'senal_boton_1'. [C:/Users/UTEC-5695/Desktop/Archivos Raul/casi_ultimo/casi_ultimo.srcs/constrs_1/new/default.xdc:13]
WARNING: [Vivado 12-584] No ports matched 'senal_salida_2_1'. [C:/Users/UTEC-5695/Desktop/Archivos Raul/casi_ultimo/casi_ultimo.srcs/constrs_1/new/default.xdc:14]
WARNING: [Vivado 12-584] No ports matched 'senal_salida_2_0'. [C:/Users/UTEC-5695/Desktop/Archivos Raul/casi_ultimo/casi_ultimo.srcs/constrs_1/new/default.xdc:15]
WARNING: [Vivado 12-584] No ports matched 'senal_boton_0'. [C:/Users/UTEC-5695/Desktop/Archivos Raul/casi_ultimo/casi_ultimo.srcs/constrs_1/new/default.xdc:16]
WARNING: [Vivado 12-584] No ports matched 'senal_boton_1'. [C:/Users/UTEC-5695/Desktop/Archivos Raul/casi_ultimo/casi_ultimo.srcs/constrs_1/new/default.xdc:17]
WARNING: [Vivado 12-584] No ports matched 'senal_salida_2_0'. [C:/Users/UTEC-5695/Desktop/Archivos Raul/casi_ultimo/casi_ultimo.srcs/constrs_1/new/default.xdc:18]
WARNING: [Vivado 12-584] No ports matched 'senal_salida_2_1'. [C:/Users/UTEC-5695/Desktop/Archivos Raul/casi_ultimo/casi_ultimo.srcs/constrs_1/new/default.xdc:19]
WARNING: [Vivado 12-584] No ports matched 'senal_boton_0'. [C:/Users/UTEC-5695/Desktop/Archivos Raul/casi_ultimo/casi_ultimo.srcs/constrs_1/new/default.xdc:27]
Finished Parsing XDC File [C:/Users/UTEC-5695/Desktop/Archivos Raul/casi_ultimo/casi_ultimo.srcs/constrs_1/new/default.xdc]
WARNING: [Project 1-498] One or more constraints failed evaluation while reading constraint file [C:/Users/UTEC-5695/Desktop/Archivos Raul/casi_ultimo/casi_ultimo.srcs/constrs_1/new/default.xdc] and the design contains unresolved black boxes. These constraints will be read post-synthesis (as long as their source constraint file is marked as used_in_implementation) and should be applied correctly then. You should review the constraints listed in the file [.Xil/design_1_wrapper_propImpl.xdc] and check the run log file to verify that these constraints were correctly applied.
INFO: [Project 1-236] Implementation specific constraints were found while reading constraint file [C:/Users/UTEC-5695/Desktop/Archivos Raul/casi_ultimo/casi_ultimo.srcs/constrs_1/new/default.xdc]. These constraints will be ignored for synthesis but will be used in implementation. Impacted constraints are listed in the file [.Xil/design_1_wrapper_propImpl.xdc].
Resolution: To avoid this warning, move constraints listed in [.Xil/design_1_wrapper_propImpl.xdc] to another XDC file and exclude this new file from synthesis with the used_in_synthesis property (File Properties dialog in GUI) and re-run elaboration/synthesis.
Parsing XDC File [C:/Users/UTEC-5695/Desktop/Archivos Raul/casi_ultimo/casi_ultimo.runs/synth_1/dont_touch.xdc]
Finished Parsing XDC File [C:/Users/UTEC-5695/Desktop/Archivos Raul/casi_ultimo/casi_ultimo.runs/synth_1/dont_touch.xdc]
Completed Processing XDC Constraints

Netlist sorting complete. Time (s): cpu = 00:00:00 ; elapsed = 00:00:00 . Memory (MB): peak = 1271.426 ; gain = 0.000
INFO: [Project 1-111] Unisim Transformation Summary:
No Unisim elements were transformed.

Constraint Validation Runtime : Time (s): cpu = 00:00:00 ; elapsed = 00:00:00.004 . Memory (MB): peak = 1271.426 ; gain = 0.000
INFO: [Designutils 20-5440] No compile time benefit to using incremental synthesis; A full resynthesis will be run
INFO: [Designutils 20-4379] Flow is switching to default flow due to incremental criteria not met. If you would like to alter this behaviour and have the flow terminate instead, please set the following parameter config_implementation {autoIncr.Synth.RejectBehavior Terminate}
INFO: [Synth 8-11241] undeclared symbol 'REGCCE', assumed default net type 'wire' [C:/Xilinx/Vivado/2022.2/data/verilog/src/unimacro/BRAM_SINGLE_MACRO.v:2170]
---------------------------------------------------------------------------------
Finished Constraint Validation : Time (s): cpu = 00:00:21 ; elapsed = 00:00:22 . Memory (MB): peak = 1271.426 ; gain = 498.805
---------------------------------------------------------------------------------
---------------------------------------------------------------------------------
Start Loading Part and Timing Information
---------------------------------------------------------------------------------
Loading part: xc7s15ftgb196-1
---------------------------------------------------------------------------------
Finished Loading Part and Timing Information : Time (s): cpu = 00:00:21 ; elapsed = 00:00:22 . Memory (MB): peak = 1271.426 ; gain = 498.805
---------------------------------------------------------------------------------
---------------------------------------------------------------------------------
Start Applying 'set_property' XDC Constraints
---------------------------------------------------------------------------------
Applied set_property KEEP_HIERARCHY = SOFT for design_1_i. (constraint file  auto generated constraint).
Applied set_property KEEP_HIERARCHY = SOFT for design_1_i/PWM_0. (constraint file  auto generated constraint).
Applied set_property KEEP_HIERARCHY = SOFT for design_1_i/controlador_0. (constraint file  auto generated constraint).
Applied set_property KEEP_HIERARCHY = SOFT for design_1_i/decodificador_0. (constraint file  auto generated constraint).
Applied set_property KEEP_HIERARCHY = SOFT for design_1_i/div_0. (constraint file  auto generated constraint).
Applied set_property KEEP_HIERARCHY = SOFT for design_1_i/div_4_0. (constraint file  auto generated constraint).
Applied set_property KEEP_HIERARCHY = SOFT for design_1_i/debouncer_0. (constraint file  auto generated constraint).
Applied set_property KEEP_HIERARCHY = SOFT for design_1_i/debouncer_1. (constraint file  auto generated constraint).
Applied set_property KEEP_HIERARCHY = SOFT for design_1_i/ROM_0. (constraint file  auto generated constraint).
---------------------------------------------------------------------------------
Finished applying 'set_property' XDC Constraints : Time (s): cpu = 00:00:21 ; elapsed = 00:00:22 . Memory (MB): peak = 1271.426 ; gain = 498.805
---------------------------------------------------------------------------------
---------------------------------------------------------------------------------
Finished RTL Optimization Phase 2 : Time (s): cpu = 00:00:21 ; elapsed = 00:00:22 . Memory (MB): peak = 1271.426 ; gain = 498.805
---------------------------------------------------------------------------------
---------------------------------------------------------------------------------
Start RTL Component Statistics 
---------------------------------------------------------------------------------
Detailed RTL Component Info : 
---------------------------------------------------------------------------------
Finished RTL Component Statistics 
---------------------------------------------------------------------------------
---------------------------------------------------------------------------------
Start Part Resource Summary
---------------------------------------------------------------------------------
Part Resources:
DSPs: 20 (col length:20)
BRAMs: 20 (col length: RAMB18 20 RAMB36 10)
---------------------------------------------------------------------------------
Finished Part Resource Summary
---------------------------------------------------------------------------------
---------------------------------------------------------------------------------
Start Cross Boundary and Area Optimization
---------------------------------------------------------------------------------
WARNING: [Synth 8-7080] Parallel synthesis criteria is not met
---------------------------------------------------------------------------------
Finished Cross Boundary and Area Optimization : Time (s): cpu = 00:00:24 ; elapsed = 00:00:25 . Memory (MB): peak = 1271.426 ; gain = 498.805
---------------------------------------------------------------------------------
---------------------------------------------------------------------------------
Start Applying XDC Timing Constraints
---------------------------------------------------------------------------------
---------------------------------------------------------------------------------
Finished Applying XDC Timing Constraints : Time (s): cpu = 00:00:31 ; elapsed = 00:00:32 . Memory (MB): peak = 1271.426 ; gain = 498.805
---------------------------------------------------------------------------------
---------------------------------------------------------------------------------
Start Timing Optimization
---------------------------------------------------------------------------------
---------------------------------------------------------------------------------
Finished Timing Optimization : Time (s): cpu = 00:00:31 ; elapsed = 00:00:32 . Memory (MB): peak = 1271.426 ; gain = 498.805
---------------------------------------------------------------------------------
---------------------------------------------------------------------------------
Start Technology Mapping
---------------------------------------------------------------------------------
---------------------------------------------------------------------------------
Finished Technology Mapping : Time (s): cpu = 00:00:31 ; elapsed = 00:00:32 . Memory (MB): peak = 1273.340 ; gain = 500.719
---------------------------------------------------------------------------------
---------------------------------------------------------------------------------
Start IO Insertion
---------------------------------------------------------------------------------
---------------------------------------------------------------------------------
Start Flattening Before IO Insertion
---------------------------------------------------------------------------------
---------------------------------------------------------------------------------
Finished Flattening Before IO Insertion
---------------------------------------------------------------------------------
---------------------------------------------------------------------------------
Start Final Netlist Cleanup
---------------------------------------------------------------------------------
---------------------------------------------------------------------------------
Finished Final Netlist Cleanup
---------------------------------------------------------------------------------
---------------------------------------------------------------------------------
Finished IO Insertion : Time (s): cpu = 00:00:38 ; elapsed = 00:00:39 . Memory (MB): peak = 1278.086 ; gain = 505.465
---------------------------------------------------------------------------------
---------------------------------------------------------------------------------
Start Renaming Generated Instances
---------------------------------------------------------------------------------
---------------------------------------------------------------------------------
Finished Renaming Generated Instances : Time (s): cpu = 00:00:38 ; elapsed = 00:00:39 . Memory (MB): peak = 1278.086 ; gain = 505.465
---------------------------------------------------------------------------------
---------------------------------------------------------------------------------
Start Rebuilding User Hierarchy
---------------------------------------------------------------------------------
---------------------------------------------------------------------------------
Finished Rebuilding User Hierarchy : Time (s): cpu = 00:00:38 ; elapsed = 00:00:39 . Memory (MB): peak = 1278.086 ; gain = 505.465
---------------------------------------------------------------------------------
---------------------------------------------------------------------------------
Start Renaming Generated Ports
---------------------------------------------------------------------------------
---------------------------------------------------------------------------------
Finished Renaming Generated Ports : Time (s): cpu = 00:00:38 ; elapsed = 00:00:39 . Memory (MB): peak = 1278.086 ; gain = 505.465
---------------------------------------------------------------------------------
---------------------------------------------------------------------------------
Start Handling Custom Attributes
---------------------------------------------------------------------------------
---------------------------------------------------------------------------------
Finished Handling Custom Attributes : Time (s): cpu = 00:00:38 ; elapsed = 00:00:39 . Memory (MB): peak = 1278.086 ; gain = 505.465
---------------------------------------------------------------------------------
---------------------------------------------------------------------------------
Start Renaming Generated Nets
---------------------------------------------------------------------------------
---------------------------------------------------------------------------------
Finished Renaming Generated Nets : Time (s): cpu = 00:00:38 ; elapsed = 00:00:39 . Memory (MB): peak = 1278.086 ; gain = 505.465
---------------------------------------------------------------------------------
---------------------------------------------------------------------------------
Start Writing Synthesis Report
---------------------------------------------------------------------------------

Report BlackBoxes: 
+------+---------------------------+----------+
|      |BlackBox name              |Instances |
+------+---------------------------+----------+
|1     |design_1_PWM_0_0           |         1|
|2     |design_1_ROM_0_0           |         1|
|3     |design_1_controlador_0_0   |         1|
|4     |design_1_debouncer_0_0     |         1|
|5     |design_1_debouncer_1_0     |         1|
|6     |design_1_decodificador_0_0 |         1|
|7     |design_1_div_0_0           |         1|
|8     |design_1_div_4_0_0         |         1|
+------+---------------------------+----------+

Report Cell Usage: 
+------+--------------------------------+------+
|      |Cell                            |Count |
+------+--------------------------------+------+
|1     |design_1_PWM_0_0_bbox           |     1|
|2     |design_1_ROM_0_0_bbox           |     1|
|3     |design_1_controlador_0_0_bbox   |     1|
|4     |design_1_debouncer_0_0_bbox     |     1|
|5     |design_1_debouncer_1_0_bbox     |     1|
|6     |design_1_decodificador_0_0_bbox |     1|
|7     |design_1_div_0_0_bbox           |     1|
|8     |design_1_div_4_0_0_bbox         |     1|
|9     |IBUF                            |     6|
|10    |OBUF                            |     1|
+------+--------------------------------+------+
---------------------------------------------------------------------------------
Finished Writing Synthesis Report : Time (s): cpu = 00:00:38 ; elapsed = 00:00:39 . Memory (MB): peak = 1278.086 ; gain = 505.465
---------------------------------------------------------------------------------
Synthesis finished with 0 errors, 0 critical warnings and 1 warnings.
Synthesis Optimization Runtime : Time (s): cpu = 00:00:26 ; elapsed = 00:00:37 . Memory (MB): peak = 1278.086 ; gain = 505.465
Synthesis Optimization Complete : Time (s): cpu = 00:00:38 ; elapsed = 00:00:39 . Memory (MB): peak = 1278.086 ; gain = 505.465
INFO: [Project 1-571] Translating synthesized netlist
Netlist sorting complete. Time (s): cpu = 00:00:00 ; elapsed = 00:00:00 . Memory (MB): peak = 1290.176 ; gain = 0.000
INFO: [Project 1-570] Preparing netlist for logic optimization
INFO: [Opt 31-138] Pushed 0 inverter(s) to 0 load pin(s).
Netlist sorting complete. Time (s): cpu = 00:00:00 ; elapsed = 00:00:00 . Memory (MB): peak = 1293.832 ; gain = 0.000
INFO: [Project 1-111] Unisim Transformation Summary:
No Unisim elements were transformed.

Synth Design complete, checksum: e124486c
INFO: [Common 17-83] Releasing license: Synthesis
45 Infos, 11 Warnings, 0 Critical Warnings and 0 Errors encountered.
synth_design completed successfully
INFO: [Common 17-600] The following parameters have non-default value.
tcl.statsThreshold
INFO: [Common 17-1381] The checkpoint 'C:/Users/UTEC-5695/Desktop/Archivos Raul/casi_ultimo/casi_ultimo.runs/synth_1/design_1_wrapper.dcp' has been generated.
INFO: [runtcl-4] Executing : report_utilization -file design_1_wrapper_utilization_synth.rpt -pb design_1_wrapper_utilization_synth.pb
INFO: [Common 17-206] Exiting Vivado at Wed Nov 22 21:45:29 2023...
